#
# There is insufficient memory for the Java Runtime Environment to continue.
# Native memory allocation (malloc) failed to allocate 1048576 bytes for AllocateHeap
# Possible reasons:
#   The system is out of physical RAM or swap space
#   The process is running with CompressedOops enabled, and the Java Heap may be blocking the growth of the native heap
# Possible solutions:
#   Reduce memory load on the system
#   Increase physical memory or swap space
#   Check if swap backing store is full
#   Decrease Java heap size (-Xmx/-Xms)
#   Decrease number of Java threads
#   Decrease Java thread stack sizes (-Xss)
#   Set larger code cache with -XX:ReservedCodeCacheSize=
#   JVM is running with Unscaled Compressed Oops mode in which the Java heap is
#     placed in the first 4GB address space. The Java Heap base address is the
#     maximum limit for the native heap growth. Please use -XX:HeapBaseMinAddress
#     to set the Java Heap base and to place the Java Heap above 4GB virtual address.
# This output file may be truncated or incomplete.
#
#  Out of Memory Error (memory/allocation.inline.hpp:61), pid=8196, tid=0x00000000000042f0
#
# JRE version:  (8.0_202-b08) (build )
# Java VM: Java HotSpot(TM) 64-Bit Server VM (25.202-b08 mixed mode windows-amd64 compressed oops)
# Failed to write core dump. Minidumps are not enabled by default on client versions of Windows
#

---------------  T H R E A D  ---------------

Current thread (0x0000000002c0e800):  JavaThread "Unknown thread" [_thread_in_vm, id=17136, stack(0x0000000002d80000,0x0000000002e80000)]

Stack: [0x0000000002d80000,0x0000000002e80000]
[error occurred during error reporting (printing stack bounds), id 0xc0000005]

Native frames: (J=compiled Java code, j=interpreted, Vv=VM code, C=native code)


---------------  P R O C E S S  ---------------

Java Threads: ( => current thread )

Other Threads:

=>0x0000000002c0e800 (exited) JavaThread "Unknown thread" [_thread_in_vm, id=17136, stack(0x0000000002d80000,0x0000000002e80000)]

VM state:not at safepoint (normal execution)

VM Mutex/Monitor currently owned by a thread: None

heap address: 0x00000000a2400000, size: 1500 MB, Compressed Oops mode: 32-bit
Narrow klass base: 0x0000000000000000, Narrow klass shift: 3
Compressed class space size: 1073741824 Address: 0x0000000100000000

Heap:
 PSYoungGen      total 2048K, used 30K [0x00000000e0c00000, 0x00000000e0e80000, 0x0000000100000000)
  eden space 1536K, 2% used [0x00000000e0c00000,0x00000000e0c07af0,0x00000000e0d80000)
  from space 512K, 0% used [0x00000000e0e00000,0x00000000e0e00000,0x00000000e0e80000)
  to   space 512K, 0% used [0x00000000e0d80000,0x00000000e0d80000,0x00000000e0e00000)
 ParOldGen       total 5632K, used 0K [0x00000000a2400000, 0x00000000a2980000, 0x00000000e0c00000)
  object space 5632K, 0% used [0x00000000a2400000,0x00000000a2400000,0x00000000a2980000)
 Metaspace       used 775K, capacity 4480K, committed 4480K, reserved 1056768K
  class space    used 76K, capacity 384K, committed 384K, reserved 1048576K

Card table byte_map: [0x0000000012340000,0x0000000012630000] byte_map_base: 0x0000000011e2e000

Marking Bits: (ParMarkBitMap*) 0x000000006e535ce0
 Begin Bits: [0x0000000013230000, 0x00000000149a0000)
 End Bits:   [0x00000000149a0000, 0x0000000016110000)

Polling page: 0x0000000001390000

CodeCache: size=245760Kb used=327Kb max_used=327Kb free=245432Kb
 bounds [0x0000000002f80000, 0x00000000031f0000, 0x0000000011f80000]
 total_blobs=57 nmethods=0 adapters=38
 compilation: enabled

Compilation events (0 events):
No events

GC Heap History (0 events):
No events

Deoptimization events (0 events):
No events

Classes redefined (0 events):
No events

Internal exceptions (0 events):
No events

Events (10 events):
Event: 0.017 loading class java/lang/Short
Event: 0.017 loading class java/lang/Short done
Event: 0.017 loading class java/lang/Integer
Event: 0.017 loading class java/lang/Integer done
Event: 0.017 loading class java/lang/Long
Event: 0.017 loading class java/lang/Long done
Event: 0.018 loading class java/lang/NullPointerException
Event: 0.018 loading class java/lang/NullPointerException done
Event: 0.018 loading class java/lang/ArithmeticException
Event: 0.018 loading class java/lang/ArithmeticException done


Dynamic libraries:
0x00007ff77fea0000 - 0x00007ff77fea7000 	C:\Program Files\Java\jdk1.8.0_202\bin\javac.exe
0x00007ffdba310000 - 0x00007ffdba527000 	C:\WINDOWS\SYSTEM32\ntdll.dll
0x00007ffdb98d0000 - 0x00007ffdb9994000 	C:\WINDOWS\System32\KERNEL32.DLL
0x00007ffdb7ac0000 - 0x00007ffdb7e66000 	C:\WINDOWS\System32\KERNELBASE.dll
0x00007ffd971f0000 - 0x00007ffd9721f000 	C:\Program Files\Java\jdk1.8.0_202\bin\jli.dll
0x00007ffdb82e0000 - 0x00007ffdb8393000 	C:\WINDOWS\System32\ADVAPI32.dll
0x00007ffdb9800000 - 0x00007ffdb98a7000 	C:\WINDOWS\System32\msvcrt.dll
0x00007ffdb8ba0000 - 0x00007ffdb8c48000 	C:\WINDOWS\System32\sechost.dll
0x00007ffdb7650000 - 0x00007ffdb7678000 	C:\WINDOWS\System32\bcrypt.dll
0x000000006dc30000 - 0x000000006dd02000 	C:\Program Files\Java\jdk1.8.0_202\bin\MSVCR100.dll
0x00007ffdb9b90000 - 0x00007ffdb9ca7000 	C:\WINDOWS\System32\RPCRT4.dll
0x00007ffdb89f0000 - 0x00007ffdb8b9e000 	C:\WINDOWS\System32\USER32.dll
0x00007ffdb7740000 - 0x00007ffdb7766000 	C:\WINDOWS\System32\win32u.dll
0x00007ffdb89b0000 - 0x00007ffdb89d9000 	C:\WINDOWS\System32\GDI32.dll
0x00007ffdb79a0000 - 0x00007ffdb7ab8000 	C:\WINDOWS\System32\gdi32full.dll
0x00007ffda69b0000 - 0x00007ffda6c43000 	C:\WINDOWS\WinSxS\amd64_microsoft.windows.common-controls_6595b64144ccf1df_6.0.22621.2506_none_270c5ae97388e100\COMCTL32.dll
0x00007ffdb7770000 - 0x00007ffdb780a000 	C:\WINDOWS\System32\msvcp_win.dll
0x00007ffdb7810000 - 0x00007ffdb7921000 	C:\WINDOWS\System32\ucrtbase.dll
0x00007ffdb9600000 - 0x00007ffdb9631000 	C:\WINDOWS\System32\IMM32.DLL
0x000000006e5c0000 - 0x000000006e692000 	C:\Program Files\Java\jdk1.8.0_202\jre\bin\msvcr100.dll
0x000000006dd10000 - 0x000000006e5b5000 	C:\Program Files\Java\jdk1.8.0_202\jre\bin\server\jvm.dll
0x00007ffdb80e0000 - 0x00007ffdb80e8000 	C:\WINDOWS\System32\PSAPI.DLL
0x00007ffdb42d0000 - 0x00007ffdb42d9000 	C:\WINDOWS\SYSTEM32\WSOCK32.dll
0x00007ffdaf200000 - 0x00007ffdaf20a000 	C:\WINDOWS\SYSTEM32\VERSION.dll
0x00007ffdaeb20000 - 0x00007ffdaeb54000 	C:\WINDOWS\SYSTEM32\WINMM.dll
0x00007ffdb8060000 - 0x00007ffdb80d1000 	C:\WINDOWS\System32\WS2_32.dll
0x00007ffd90900000 - 0x00007ffd9090f000 	C:\Program Files\Java\jdk1.8.0_202\jre\bin\verify.dll
0x00007ffd54380000 - 0x00007ffd543a9000 	C:\Program Files\Java\jdk1.8.0_202\jre\bin\java.dll
0x00007ffd54360000 - 0x00007ffd54376000 	C:\Program Files\Java\jdk1.8.0_202\jre\bin\zip.dll

VM Arguments:
jvm_args: -Dapplication.home=C:\Program Files\Java\jdk1.8.0_202 -Xms8m 
java_command: com.sun.tools.javac.Main -d C:\Users\andre\OneDrive\Documentos\NetBeansProjects\CajerosBanco\build\classes -classpath C:\Users\andre\OneDrive\Documentos\NetBeansProjects\CajerosBanco\build\classes;C:\Program Files\Java\jdk1.8.0_202\jre\lib\javaws.jar;C:\Program Files\Java\jdk1.8.0_202\jre\lib\deploy.jar;C:\Program Files\Java\jdk1.8.0_202\jre\lib\plugin.jar;C:\Users\andre\OneDrive\Documentos\NetBeansProjects\Cola\target\Cola-1.0-SNAPSHOT.jar -sourcepath C:\Users\andre\OneDrive\Documentos\NetBeansProjects\CajerosBanco\build\empty -target 1.8 -encoding UTF-8 -g -processorpath C:\Program Files\Java\jdk1.8.0_202\jre\lib\javaws.jar;C:\Program Files\Java\jdk1.8.0_202\jre\lib\deploy.jar;C:\Program Files\Java\jdk1.8.0_202\jre\lib\plugin.jar;C:\Users\andre\OneDrive\Documentos\NetBeansProjects\Cola\target\Cola-1.0-SNAPSHOT.jar;C:\Users\andre\OneDrive\Documentos\NetBeansProjects\CajerosBanco\build\empty -s C:\Users\andre\OneDrive\Documentos\NetBeansProjects\CajerosBanco\build\generated-sources\ap-source-output -source 1.8 C:\Users\andre\OneDrive\Documentos\NetBeansProjects\CajerosBanco\src\cajerosbanco\FXMLDocumentController.java C:\Users\andre\OneDrive\Documentos\NetBeansProjects\CajerosBanco\src\modelo\Cajero.java
java_class_path (initial): C:\Program Files\Java\jdk1.8.0_202/lib/tools.jar;C:\Program Files\Java\jdk1.8.0_202/classes
Launcher Type: SUN_STANDARD

Environment Variables:
PATH=C:\Program Files\Common Files\Oracle\Java\javapath;C:\Program Files (x86)\Common Files\Intel\Shared Libraries\redist\intel64\compiler;C:\Program Files (x86)\Common Files\Oracle\Java\javapath;C:\Windows\system32;C:\Windows;C:\Windows\System32\Wbem;C:\Windows\System32\WindowsPowerShell\v1.0\;C:\Windows\System32\OpenSSH\;C:\Program Files (x86)\NVIDIA Corporation\PhysX\Common;C:\WINDOWS\system32;C:\WINDOWS;C:\WINDOWS\System32\Wbem;C:\WINDOWS\System32\WindowsPowerShell\v1.0\;C:\WINDOWS\System32\OpenSSH\;C:\Program Files\dotnet\;C:\ProgramData\chocolatey\bin;C:\Program Files\NVIDIA Corporation\NVIDIA App\NvDLISR;C:\Users\andre\AppData\Local\Programs\Python\Python311;C:\Users\andre\AppData\Local\Programs\Python\Python311\Scripts;C:\Users\andre\AppData\Local\Programs\Python\Python311\Lib;C:\Users\andre\AppData\Local\Programs\Python\Launcher\;C:\Users\andre\AppData\Local\Microsoft\WindowsApps;C:\Users\andre\.dotnet\tools;C:\Users\andre\AppData\Local\GitHubDesktop\bin
USERNAME=andre
OS=Windows_NT
PROCESSOR_IDENTIFIER=AMD64 Family 25 Model 80 Stepping 0, AuthenticAMD



---------------  S Y S T E M  ---------------

OS: Windows 10.0 , 64 bit Build 22621 (10.0.22621.3085)

CPU:total 12 (initial active 12) (12 cores per cpu, 1 threads per core) family 25 model 80 stepping 0, cmov, cx8, fxsr, mmx, sse, sse2, sse3, ssse3, sse4.1, sse4.2, popcnt, avx, avx2, aes, clmul, erms, mmxext, 3dnowpref, lzcnt, sse4a, tsc, tscinvbit, tscinv, bmi1

Memory: 4k page, physical 6139972k(48532k free), swap 18722884k(5516k free)

vm_info: Java HotSpot(TM) 64-Bit Server VM (25.202-b08) for windows-amd64 JRE (1.8.0_202-b08), built on Dec 15 2018 19:54:30 by "java_re" with MS VC++ 10.0 (VS2010)

time: Tue Feb 27 20:29:10 2024
timezone: Hora est. Pacífico, Sudamérica
elapsed time: 0 seconds (0d 0h 0m 0s)

